This file contains any messages produced by compilers while
running configure, to aid debugging if configure makes a mistake.

It was created by Akeldema configure 0.1, which was
generated by GNU Autoconf 2.68.  Invocation command line was

  $ ./configure 

## --------- ##
## Platform. ##
## --------- ##

hostname = insanity
uname -m = i686
uname -r = 2.6.26-2-686
uname -s = Linux
uname -v = #1 SMP Thu Sep 16 19:35:51 UTC 2010

/usr/bin/uname -p = unknown
/bin/uname -X     = unknown

/bin/arch              = unknown
/usr/bin/arch -k       = unknown
/usr/convex/getsysinfo = unknown
/usr/bin/hostinfo      = unknown
/bin/machine           = unknown
/usr/bin/oslevel       = unknown
/bin/universe          = unknown

PATH: /usr/local/bin
PATH: /usr/bin
PATH: /bin
PATH: /usr/games


## ----------- ##
## Core tests. ##
## ----------- ##

configure:1851: checking for a BSD-compatible install
configure:1919: result: /usr/bin/install -c
configure:1930: checking whether build environment is sane
configure:1967: result: yes
configure:1992: checking for a thread-safe mkdir -p
configure:2031: result: /bin/mkdir -p
configure:2044: checking for gawk
configure:2074: result: no
configure:2044: checking for mawk
configure:2060: found /usr/bin/mawk
configure:2071: result: mawk
configure:2082: checking whether make sets $(MAKE)
configure:2104: result: yes
configure:2337: checking for g++
configure:2353: found /usr/bin/g++
configure:2364: result: g++
configure:2391: checking for C++ compiler version
configure:2400: g++ --version >&5
g++ (Debian 4.3.2-1.1) 4.3.2
Copyright (C) 2008 Free Software Foundation, Inc.
This is free software; see the source for copying conditions.  There is NO
warranty; not even for MERCHANTABILITY or FITNESS FOR A PARTICULAR PURPOSE.

configure:2411: $? = 0
configure:2400: g++ -v >&5
Using built-in specs.
Target: i486-linux-gnu
Configured with: ../src/configure -v --with-pkgversion='Debian 4.3.2-1.1' --with-bugurl=file:///usr/share/doc/gcc-4.3/README.Bugs --enable-languages=c,c++,fortran,objc,obj-c++ --prefix=/usr --enable-shared --with-system-zlib --libexecdir=/usr/lib --without-included-gettext --enable-threads=posix --enable-nls --with-gxx-include-dir=/usr/include/c++/4.3 --program-suffix=-4.3 --enable-clocale=gnu --enable-libstdcxx-debug --enable-objc-gc --enable-mpfr --enable-targets=all --enable-cld --enable-checking=release --build=i486-linux-gnu --host=i486-linux-gnu --target=i486-linux-gnu
Thread model: posix
gcc version 4.3.2 (Debian 4.3.2-1.1) 
configure:2411: $? = 0
configure:2400: g++ -V >&5
g++: '-V' option must have argument
configure:2411: $? = 1
configure:2400: g++ -qversion >&5
g++: unrecognized option '-qversion'
g++: no input files
configure:2411: $? = 1
configure:2431: checking whether the C++ compiler works
configure:2453: g++    conftest.cpp  >&5
configure:2457: $? = 0
configure:2505: result: yes
configure:2508: checking for C++ compiler default output file name
configure:2510: result: a.out
configure:2516: checking for suffix of executables
configure:2523: g++ -o conftest    conftest.cpp  >&5
configure:2527: $? = 0
configure:2549: result: 
configure:2571: checking whether we are cross compiling
configure:2579: g++ -o conftest    conftest.cpp  >&5
configure:2583: $? = 0
configure:2590: ./conftest
configure:2594: $? = 0
configure:2609: result: no
configure:2614: checking for suffix of object files
configure:2636: g++ -c   conftest.cpp >&5
configure:2640: $? = 0
configure:2661: result: o
configure:2665: checking whether we are using the GNU C++ compiler
configure:2684: g++ -c   conftest.cpp >&5
configure:2684: $? = 0
configure:2693: result: yes
configure:2702: checking whether g++ accepts -g
configure:2722: g++ -c -g  conftest.cpp >&5
configure:2722: $? = 0
configure:2763: result: yes
configure:2797: checking for style of include used by make
configure:2825: result: GNU
configure:2850: checking dependency style of g++
configure:2941: result: gcc3
configure:3004: checking for gcc
configure:3020: found /usr/bin/gcc
configure:3031: result: gcc
configure:3260: checking for C compiler version
configure:3269: gcc --version >&5
gcc (Debian 4.3.2-1.1) 4.3.2
Copyright (C) 2008 Free Software Foundation, Inc.
This is free software; see the source for copying conditions.  There is NO
warranty; not even for MERCHANTABILITY or FITNESS FOR A PARTICULAR PURPOSE.

configure:3280: $? = 0
configure:3269: gcc -v >&5
Using built-in specs.
Target: i486-linux-gnu
Configured with: ../src/configure -v --with-pkgversion='Debian 4.3.2-1.1' --with-bugurl=file:///usr/share/doc/gcc-4.3/README.Bugs --enable-languages=c,c++,fortran,objc,obj-c++ --prefix=/usr --enable-shared --with-system-zlib --libexecdir=/usr/lib --without-included-gettext --enable-threads=posix --enable-nls --with-gxx-include-dir=/usr/include/c++/4.3 --program-suffix=-4.3 --enable-clocale=gnu --enable-libstdcxx-debug --enable-objc-gc --enable-mpfr --enable-targets=all --enable-cld --enable-checking=release --build=i486-linux-gnu --host=i486-linux-gnu --target=i486-linux-gnu
Thread model: posix
gcc version 4.3.2 (Debian 4.3.2-1.1) 
configure:3280: $? = 0
configure:3269: gcc -V >&5
gcc: '-V' option must have argument
configure:3280: $? = 1
configure:3269: gcc -qversion >&5
gcc: unrecognized option '-qversion'
gcc: no input files
configure:3280: $? = 1
configure:3284: checking whether we are using the GNU C compiler
configure:3303: gcc -c   conftest.c >&5
configure:3303: $? = 0
configure:3312: result: yes
configure:3321: checking whether gcc accepts -g
configure:3341: gcc -c -g  conftest.c >&5
configure:3341: $? = 0
configure:3382: result: yes
configure:3399: checking for gcc option to accept ISO C89
configure:3463: gcc  -c -g -O2  conftest.c >&5
configure:3463: $? = 0
configure:3476: result: none needed
configure:3498: checking dependency style of gcc
configure:3589: result: gcc3
configure:3732: creating ./config.status

## ---------------------- ##
## Running config.status. ##
## ---------------------- ##

This file was extended by Akeldema config.status 0.1, which was
generated by GNU Autoconf 2.68.  Invocation command line was

  CONFIG_FILES    = 
  CONFIG_HEADERS  = 
  CONFIG_LINKS    = 
  CONFIG_COMMANDS = 
  $ ./config.status 

on insanity

config.status:849: creating Makefile
config.status:849: creating include/akeldema.h
config.status:1030: include/akeldema.h is unchanged
config.status:1078: executing depfiles commands

## ---------------- ##
## Cache variables. ##
## ---------------- ##

ac_cv_c_compiler_gnu=yes
ac_cv_cxx_compiler_gnu=yes
ac_cv_env_CCC_set=
ac_cv_env_CCC_value=
ac_cv_env_CC_set=
ac_cv_env_CC_value=
ac_cv_env_CFLAGS_set=
ac_cv_env_CFLAGS_value=
ac_cv_env_CPPFLAGS_set=
ac_cv_env_CPPFLAGS_value=
ac_cv_env_CXXFLAGS_set=
ac_cv_env_CXXFLAGS_value=
ac_cv_env_CXX_set=
ac_cv_env_CXX_value=
ac_cv_env_LDFLAGS_set=
ac_cv_env_LDFLAGS_value=
ac_cv_env_LIBS_set=
ac_cv_env_LIBS_value=
ac_cv_env_build_alias_set=
ac_cv_env_build_alias_value=
ac_cv_env_host_alias_set=
ac_cv_env_host_alias_value=
ac_cv_env_target_alias_set=
ac_cv_env_target_alias_value=
ac_cv_objext=o
ac_cv_path_install='/usr/bin/install -c'
ac_cv_path_mkdir=/bin/mkdir
ac_cv_prog_AWK=mawk
ac_cv_prog_ac_ct_CC=gcc
ac_cv_prog_ac_ct_CXX=g++
ac_cv_prog_cc_c89=
ac_cv_prog_cc_g=yes
ac_cv_prog_cxx_g=yes
ac_cv_prog_make_make_set=yes
am_cv_CC_dependencies_compiler_type=gcc3
am_cv_CXX_dependencies_compiler_type=gcc3

## ----------------- ##
## Output variables. ##
## ----------------- ##

ACLOCAL='${SHELL} /home/sam/projects/akeldema/missing --run aclocal-1.10'
AMDEPBACKSLASH='\'
AMDEP_FALSE='#'
AMDEP_TRUE=''
AMTAR='${SHELL} /home/sam/projects/akeldema/missing --run tar'
AUTOCONF='${SHELL} /home/sam/projects/akeldema/missing --run autoconf'
AUTOHEADER='${SHELL} /home/sam/projects/akeldema/missing --run autoheader'
AUTOMAKE='${SHELL} /home/sam/projects/akeldema/missing --run automake-1.10'
AWK='mawk'
CC='gcc'
CCDEPMODE='depmode=gcc3'
CFLAGS='-g -O2'
CPPFLAGS=''
CXX='g++'
CXXDEPMODE='depmode=gcc3'
CXXFLAGS='-g -O2'
CYGPATH_W='echo'
DEFS='-DHAVE_CONFIG_H'
DEPDIR='.deps'
ECHO_C=''
ECHO_N='-n'
ECHO_T=''
EXEEXT=''
INSTALL_DATA='${INSTALL} -m 644'
INSTALL_PROGRAM='${INSTALL}'
INSTALL_SCRIPT='${INSTALL}'
INSTALL_STRIP_PROGRAM='$(install_sh) -c -s'
LDFLAGS=''
LIBOBJS=''
LIBS=''
LTLIBOBJS=''
MAKEINFO='${SHELL} /home/sam/projects/akeldema/missing --run makeinfo'
MKDIR_P='/bin/mkdir -p'
OBJEXT='o'
PACKAGE='akeldema'
PACKAGE_BUGREPORT='null'
PACKAGE_NAME='Akeldema'
PACKAGE_STRING='Akeldema 0.1'
PACKAGE_TARNAME='akeldema'
PACKAGE_URL='http://github.com/ZeroNET/ZeroBot-C'
PACKAGE_VERSION='0.1'
PATH_SEPARATOR=':'
SET_MAKE=''
SHELL='/bin/sh'
STRIP=''
VERSION='0.1'
ac_ct_CC='gcc'
ac_ct_CXX='g++'
am__fastdepCC_FALSE='#'
am__fastdepCC_TRUE=''
am__fastdepCXX_FALSE='#'
am__fastdepCXX_TRUE=''
am__include='include'
am__isrc=''
am__leading_dot='.'
am__quote=''
am__tar='${AMTAR} chof - "$$tardir"'
am__untar='${AMTAR} xf -'
bindir='${exec_prefix}/bin'
build_alias=''
datadir='${datarootdir}'
datarootdir='${prefix}/share'
docdir='${datarootdir}/doc/${PACKAGE_TARNAME}'
dvidir='${docdir}'
exec_prefix='${prefix}'
host_alias=''
htmldir='${docdir}'
includedir='${prefix}/include'
infodir='${datarootdir}/info'
install_sh='$(SHELL) /home/sam/projects/akeldema/install-sh'
libdir='${exec_prefix}/lib'
libexecdir='${exec_prefix}/libexec'
localedir='${datarootdir}/locale'
localstatedir='${prefix}/var'
mandir='${datarootdir}/man'
mkdir_p='/bin/mkdir -p'
oldincludedir='/usr/include'
pdfdir='${docdir}'
prefix='/usr/local'
program_transform_name='s,x,x,'
psdir='${docdir}'
sbindir='${exec_prefix}/sbin'
sharedstatedir='${prefix}/com'
sysconfdir='${prefix}/etc'
target_alias=''

## ----------- ##
## confdefs.h. ##
## ----------- ##

/* confdefs.h */
#define PACKAGE_NAME "Akeldema"
#define PACKAGE_TARNAME "akeldema"
#define PACKAGE_VERSION "0.1"
#define PACKAGE_STRING "Akeldema 0.1"
#define PACKAGE_BUGREPORT "null"
#define PACKAGE_URL "http://github.com/ZeroNET/ZeroBot-C"

configure: exit 0
